Device: mps
Identities: 50
Train images: 2737  Test images: 707
[DEBUG] model param device = mps:0
Saving best checkpoint to: checkpoints/best_cat50_resnet50_pk_triplet_3h_warmup.pt
[DEBUG] batch x device: mps:0 y device: mps:0
Epoch 001 Iter 000 | loss=0.0752
Epoch 001 Iter 020 | loss=0.0168
Epoch 001 Iter 040 | loss=0.0073
Epoch 001 Iter 060 | loss=0.0000
Epoch 001 Iter 080 | loss=0.0014
Epoch 001 Iter 100 | loss=0.0132
[Epoch 001] loss=0.0361 | R1=0.9519 | mAP=0.9012 | train=3.3min | eval=4.8min | total=8.1min
[OK] Saved BEST: checkpoints/best_cat50_resnet50_pk_triplet_3h_warmup.pt  (mAP=0.9012)
[DEBUG] batch x device: mps:0 y device: mps:0
Epoch 002 Iter 000 | loss=0.0000
Epoch 002 Iter 020 | loss=0.0479
Epoch 002 Iter 040 | loss=0.0104
Epoch 002 Iter 060 | loss=0.0115
Epoch 002 Iter 080 | loss=0.0000
Epoch 002 Iter 100 | loss=0.0239
[Epoch 002] loss=0.0155 | R1=0.9604 | mAP=0.9160 | train=3.3min | eval=5.0min | total=8.3min
[OK] Saved BEST: checkpoints/best_cat50_resnet50_pk_triplet_3h_warmup.pt  (mAP=0.9160)
[DEBUG] batch x device: mps:0 y device: mps:0
Epoch 003 Iter 000 | loss=0.0000
Epoch 003 Iter 020 | loss=0.0080
Epoch 003 Iter 040 | loss=0.0000
Epoch 003 Iter 060 | loss=0.0024
Epoch 003 Iter 080 | loss=0.0146
Epoch 003 Iter 100 | loss=0.0000
[Epoch 003] loss=0.0146 | R1=0.9632 | mAP=0.9367 | train=3.2min | eval=4.8min | total=8.0min
[OK] Saved BEST: checkpoints/best_cat50_resnet50_pk_triplet_3h_warmup.pt  (mAP=0.9367)
[DEBUG] batch x device: mps:0 y device: mps:0
Epoch 004 Iter 000 | loss=0.0000
Epoch 004 Iter 020 | loss=0.0541
Epoch 004 Iter 040 | loss=0.0151
Epoch 004 Iter 060 | loss=0.0000
Epoch 004 Iter 080 | loss=0.0000
Epoch 004 Iter 100 | loss=0.0000
[Epoch 004] loss=0.0102 | R1=0.9477 | mAP=0.9318 | train=3.1min | eval=4.9min | total=8.0min
[DEBUG] batch x device: mps:0 y device: mps:0
Epoch 005 Iter 000 | loss=0.0036
Epoch 005 Iter 020 | loss=0.0000
Epoch 005 Iter 040 | loss=0.0000
Epoch 005 Iter 060 | loss=0.0000
Epoch 005 Iter 080 | loss=0.0000
Epoch 005 Iter 100 | loss=0.0010
[Epoch 005] loss=0.0043 | R1=0.9533 | mAP=0.9453 | train=3.2min | eval=4.8min | total=8.0min
[OK] Saved BEST: checkpoints/best_cat50_resnet50_pk_triplet_3h_warmup.pt  (mAP=0.9453)
[DEBUG] batch x device: mps:0 y device: mps:0
Epoch 006 Iter 000 | loss=0.0017
Epoch 006 Iter 020 | loss=0.0772
Epoch 006 Iter 040 | loss=0.0000
Epoch 006 Iter 060 | loss=0.0000
Epoch 006 Iter 080 | loss=0.0075
Epoch 006 Iter 100 | loss=0.0022
[Epoch 006] loss=0.0116 | R1=0.9434 | mAP=0.9070 | train=3.2min | eval=4.9min | total=8.1min
[DEBUG] batch x device: mps:0 y device: mps:0
Epoch 007 Iter 000 | loss=0.0000
Epoch 007 Iter 020 | loss=0.0000
Epoch 007 Iter 040 | loss=0.0000
Epoch 007 Iter 060 | loss=0.0000
Epoch 007 Iter 080 | loss=0.0000
Epoch 007 Iter 100 | loss=0.0000
[Epoch 007] loss=0.0129 | R1=0.9562 | mAP=0.9122 | train=3.2min | eval=4.8min | total=8.0min
[DEBUG] batch x device: mps:0 y device: mps:0
Epoch 008 Iter 000 | loss=0.0000
Epoch 008 Iter 020 | loss=0.0012
Epoch 008 Iter 040 | loss=0.0000
Epoch 008 Iter 060 | loss=0.0523
Epoch 008 Iter 080 | loss=0.0670
Epoch 008 Iter 100 | loss=0.0838
[Epoch 008] loss=0.0198 | R1=0.9576 | mAP=0.8964 | train=3.2min | eval=4.8min | total=7.9min
[DEBUG] batch x device: mps:0 y device: mps:0
Epoch 009 Iter 000 | loss=0.0118
Epoch 009 Iter 020 | loss=0.0562
Epoch 009 Iter 040 | loss=0.0052
Epoch 009 Iter 060 | loss=0.0000
Epoch 009 Iter 080 | loss=0.0000
Epoch 009 Iter 100 | loss=0.0199
[Epoch 009] loss=0.0165 | R1=0.9505 | mAP=0.9062 | train=3.2min | eval=5.0min | total=8.2min
[DEBUG] batch x device: mps:0 y device: mps:0
Epoch 010 Iter 000 | loss=0.0376
Epoch 010 Iter 020 | loss=0.0018
Epoch 010 Iter 040 | loss=0.0004
Epoch 010 Iter 060 | loss=0.0000
Epoch 010 Iter 080 | loss=0.0002
Epoch 010 Iter 100 | loss=0.0000
[Epoch 010] loss=0.0079 | R1=0.9491 | mAP=0.9239 | train=3.2min | eval=5.0min | total=8.1min
[DEBUG] batch x device: mps:0 y device: mps:0
Epoch 011 Iter 000 | loss=0.0000
Epoch 011 Iter 020 | loss=0.0077
Epoch 011 Iter 040 | loss=0.0000
Epoch 011 Iter 060 | loss=0.0000
Epoch 011 Iter 080 | loss=0.0000
Epoch 011 Iter 100 | loss=0.0000
[Epoch 011] loss=0.0094 | R1=0.9576 | mAP=0.9459 | train=3.2min | eval=4.9min | total=8.1min
[OK] Saved BEST: checkpoints/best_cat50_resnet50_pk_triplet_3h_warmup.pt  (mAP=0.9459)
[DEBUG] batch x device: mps:0 y device: mps:0
Epoch 012 Iter 000 | loss=0.0000
Epoch 012 Iter 020 | loss=0.0000
Epoch 012 Iter 040 | loss=0.0055
Epoch 012 Iter 060 | loss=0.0000
Epoch 012 Iter 080 | loss=0.0087
Epoch 012 Iter 100 | loss=0.0000
[Epoch 012] loss=0.0063 | R1=0.9618 | mAP=0.9385 | train=3.2min | eval=4.8min | total=8.0min
[DEBUG] batch x device: mps:0 y device: mps:0
Epoch 013 Iter 000 | loss=0.0000
Epoch 013 Iter 020 | loss=0.0000
Epoch 013 Iter 040 | loss=0.0000
Epoch 013 Iter 060 | loss=0.0000
Epoch 013 Iter 080 | loss=0.0000
Epoch 013 Iter 100 | loss=0.0000
[Epoch 013] loss=0.0080 | R1=0.9547 | mAP=0.9381 | train=3.1min | eval=4.8min | total=8.0min
[DEBUG] batch x device: mps:0 y device: mps:0
Epoch 014 Iter 000 | loss=0.0000
Epoch 014 Iter 020 | loss=0.0000
Epoch 014 Iter 040 | loss=0.0869
Epoch 014 Iter 060 | loss=0.0484
Epoch 014 Iter 080 | loss=0.0646
Epoch 014 Iter 100 | loss=0.0000
[Epoch 014] loss=0.0111 | R1=0.9576 | mAP=0.9356 | train=3.2min | eval=4.9min | total=8.1min
[DEBUG] batch x device: mps:0 y device: mps:0
Epoch 015 Iter 000 | loss=0.0000
Epoch 015 Iter 020 | loss=0.0000
Epoch 015 Iter 040 | loss=0.0000
Epoch 015 Iter 060 | loss=0.0283
Epoch 015 Iter 080 | loss=0.1116
Epoch 015 Iter 100 | loss=0.0000
[Epoch 015] loss=0.0063 | R1=0.9632 | mAP=0.9285 | train=3.2min | eval=4.8min | total=8.0min
[DEBUG] batch x device: mps:0 y device: mps:0
Epoch 016 Iter 000 | loss=0.0000
Epoch 016 Iter 020 | loss=0.0404
Epoch 016 Iter 040 | loss=0.0000
Epoch 016 Iter 060 | loss=0.0000
Epoch 016 Iter 080 | loss=0.0000
Epoch 016 Iter 100 | loss=0.0019
[Epoch 016] loss=0.0081 | R1=0.9604 | mAP=0.9480 | train=3.2min | eval=4.8min | total=8.0min
[OK] Saved BEST: checkpoints/best_cat50_resnet50_pk_triplet_3h_warmup.pt  (mAP=0.9480)
[DEBUG] batch x device: mps:0 y device: mps:0
Epoch 017 Iter 000 | loss=0.0082
Epoch 017 Iter 020 | loss=0.0000
Epoch 017 Iter 040 | loss=0.0088
Epoch 017 Iter 060 | loss=0.0000
Epoch 017 Iter 080 | loss=0.0000
Epoch 017 Iter 100 | loss=0.0349
[Epoch 017] loss=0.0062 | R1=0.9604 | mAP=0.9475 | train=3.2min | eval=4.8min | total=7.9min
[DEBUG] batch x device: mps:0 y device: mps:0
Epoch 018 Iter 000 | loss=0.0000
Epoch 018 Iter 020 | loss=0.0000
Epoch 018 Iter 040 | loss=0.0000
Epoch 018 Iter 060 | loss=0.0000
Epoch 018 Iter 080 | loss=0.0000
Epoch 018 Iter 100 | loss=0.0000
[Epoch 018] loss=0.0052 | R1=0.9576 | mAP=0.9443 | train=3.2min | eval=4.8min | total=8.0min
[DEBUG] batch x device: mps:0 y device: mps:0
Epoch 019 Iter 000 | loss=0.0000
Epoch 019 Iter 020 | loss=0.0000
Epoch 019 Iter 040 | loss=0.0000
Epoch 019 Iter 060 | loss=0.0060
Epoch 019 Iter 080 | loss=0.0000
Epoch 019 Iter 100 | loss=0.0000
[Epoch 019] loss=0.0065 | R1=0.9646 | mAP=0.9513 | train=3.1min | eval=5.0min | total=8.1min
[OK] Saved BEST: checkpoints/best_cat50_resnet50_pk_triplet_3h_warmup.pt  (mAP=0.9513)
[DEBUG] batch x device: mps:0 y device: mps:0
Epoch 020 Iter 000 | loss=0.0000
Epoch 020 Iter 020 | loss=0.0228
Epoch 020 Iter 040 | loss=0.0932
Epoch 020 Iter 060 | loss=0.0228
Epoch 020 Iter 080 | loss=0.0000
Epoch 020 Iter 100 | loss=0.0000
[Epoch 020] loss=0.0072 | R1=0.9505 | mAP=0.9411 | train=3.2min | eval=4.8min | total=8.0min
[DEBUG] batch x device: mps:0 y device: mps:0
Epoch 021 Iter 000 | loss=0.0000
Epoch 021 Iter 020 | loss=0.0000
Epoch 021 Iter 040 | loss=0.0118
Epoch 021 Iter 060 | loss=0.0000
Epoch 021 Iter 080 | loss=0.0000
Epoch 021 Iter 100 | loss=0.0000
[Epoch 021] loss=0.0059 | R1=0.9604 | mAP=0.9508 | train=3.2min | eval=4.8min | total=8.0min
[DEBUG] batch x device: mps:0 y device: mps:0
Epoch 022 Iter 000 | loss=0.0000
Epoch 022 Iter 020 | loss=0.0000
Epoch 022 Iter 040 | loss=0.0000
Epoch 022 Iter 060 | loss=0.0000
Epoch 022 Iter 080 | loss=0.0000
Epoch 022 Iter 100 | loss=0.0000
[Epoch 022] loss=0.0057 | R1=0.9590 | mAP=0.9537 | train=3.2min | eval=4.8min | total=8.0min
[OK] Saved BEST: checkpoints/best_cat50_resnet50_pk_triplet_3h_warmup.pt  (mAP=0.9537)
[DEBUG] batch x device: mps:0 y device: mps:0
Epoch 023 Iter 000 | loss=0.0191
Epoch 023 Iter 020 | loss=0.0000
Epoch 023 Iter 040 | loss=0.0000
Epoch 023 Iter 060 | loss=0.0000
Epoch 023 Iter 080 | loss=0.0000
Epoch 023 Iter 100 | loss=0.0009
[Epoch 023] loss=0.0071 | R1=0.9576 | mAP=0.9372 | train=3.2min | eval=4.9min | total=8.1min
[DEBUG] batch x device: mps:0 y device: mps:0
Epoch 024 Iter 000 | loss=0.0171
Epoch 024 Iter 020 | loss=0.0000
Epoch 024 Iter 040 | loss=0.0000
Epoch 024 Iter 060 | loss=0.0000
Epoch 024 Iter 080 | loss=0.0613
Epoch 024 Iter 100 | loss=0.0000
[Epoch 024] loss=0.0076 | R1=0.9576 | mAP=0.9390 | train=3.2min | eval=4.9min | total=8.0min
[DEBUG] batch x device: mps:0 y device: mps:0
Epoch 025 Iter 000 | loss=0.0000
Epoch 025 Iter 020 | loss=0.0000
Epoch 025 Iter 040 | loss=0.0196
Epoch 025 Iter 060 | loss=0.0000
Epoch 025 Iter 080 | loss=0.0067
Epoch 025 Iter 100 | loss=0.0000
[Epoch 025] loss=0.0083 | R1=0.9533 | mAP=0.9176 | train=3.2min | eval=5.0min | total=8.2min
